[ 2026-03-23 15:20:31,479 ] 20 src.logger - INFO - Starting model training pipeline
[ 2026-03-23 15:20:31,479 ] 22 src.logger - INFO - Running Data Ingestion
[ 2026-03-23 15:20:31,479 ] 53 src.logger - INFO - Starting Data Ingestion Pipeline
[ 2026-03-23 15:20:31,479 ] 16 src.logger - INFO - Loading dataset from C:\Users\prera\projects\Customer Churn Prediction FastAPI\src\data\Telco.csv
[ 2026-03-23 15:20:31,510 ] 18 src.logger - INFO - Data loaded successfully. Shape: (7043, 21)
[ 2026-03-23 15:20:31,510 ] 26 src.logger - INFO - Splitting dataset into train and test sets
[ 2026-03-23 15:20:31,514 ] 33 src.logger - INFO - Data split successful | Train shape: (5634, 21) | Test shape: (1409, 21)
[ 2026-03-23 15:20:31,514 ] 43 src.logger - INFO - Saving train and test datasets
[ 2026-03-23 15:20:31,545 ] 46 src.logger - INFO - Train and Test data saved successfully
[ 2026-03-23 15:20:31,545 ] 57 src.logger - INFO - Data Ingestion Pipeline Completed
[ 2026-03-23 15:20:31,545 ] 27 src.logger - INFO - Running Data Preprocessing
[ 2026-03-23 15:20:31,545 ] 17 src.logger - INFO - Starting data cleaning process
[ 2026-03-23 15:20:31,545 ] 19 src.logger - DEBUG - Dropping customerID column
[ 2026-03-23 15:20:31,545 ] 23 src.logger - DEBUG - Converting TotalCharges to numeric
[ 2026-03-23 15:20:31,547 ] 27 src.logger - DEBUG - Handling missing values in TotalCharges
[ 2026-03-23 15:20:31,547 ] 29 src.logger - INFO - Data cleaning completed successfully
[ 2026-03-23 15:20:31,547 ] 17 src.logger - INFO - Starting data cleaning process
[ 2026-03-23 15:20:31,547 ] 19 src.logger - DEBUG - Dropping customerID column
[ 2026-03-23 15:20:31,547 ] 23 src.logger - DEBUG - Converting TotalCharges to numeric
[ 2026-03-23 15:20:31,547 ] 27 src.logger - DEBUG - Handling missing values in TotalCharges
[ 2026-03-23 15:20:31,547 ] 29 src.logger - INFO - Data cleaning completed successfully
[ 2026-03-23 15:20:31,547 ] 41 src.logger - INFO - Separating features and target variable
[ 2026-03-23 15:20:31,549 ] 45 src.logger - INFO - Feature separation successful | X shape: (5634, 19), y shape: (5634,)
[ 2026-03-23 15:20:31,549 ] 41 src.logger - INFO - Separating features and target variable
[ 2026-03-23 15:20:31,549 ] 45 src.logger - INFO - Feature separation successful | X shape: (1409, 19), y shape: (1409,)
[ 2026-03-23 15:20:31,549 ] 35 src.logger - INFO - Training data shape: (5634, 19)
[ 2026-03-23 15:20:31,549 ] 36 src.logger - INFO - Test data shape: (1409, 19)
[ 2026-03-23 15:20:31,549 ] 39 src.logger - INFO - Building preprocessing pipeline
[ 2026-03-23 15:20:31,549 ] 12 src.logger - INFO - DataTransformation class initialized
[ 2026-03-23 15:20:31,549 ] 20 src.logger - INFO - Building preprocessing pipeline
[ 2026-03-23 15:20:31,549 ] 24 src.logger - DEBUG - Categorical features: ['gender', 'Partner', 'Dependents', 'PhoneService', 'MultipleLines', 'InternetService', 'OnlineSecurity', 'OnlineBackup', 'DeviceProtection', 'TechSupport', 'StreamingTV', 'StreamingMovies', 'Contract', 'PaperlessBilling', 'PaymentMethod']
[ 2026-03-23 15:20:31,549 ] 25 src.logger - DEBUG - Numerical features: ['SeniorCitizen', 'tenure', 'MonthlyCharges', 'TotalCharges']
[ 2026-03-23 15:20:31,549 ] 35 src.logger - INFO - Preprocessor pipeline created successfully
[ 2026-03-23 15:20:31,549 ] 14 src.logger - INFO - ModelPipeline initialized with provided preprocessor
[ 2026-03-23 15:20:31,549 ] 47 src.logger - INFO - Creating database session
[ 2026-03-23 15:20:31,549 ] 51 src.logger - INFO - Training Random Forest model
[ 2026-03-23 15:20:31,549 ] 22 src.logger - INFO - Building Random Forest pipeline
[ 2026-03-23 15:20:31,549 ] 34 src.logger - INFO - Random Forest pipeline created successfully
[ 2026-03-23 15:20:32,435 ] 72 src.logger - INFO - Saving Random Forest model
[ 2026-03-23 15:20:32,449 ] 91 src.logger - INFO - Existing RF F1: 0.5446293494704992
[ 2026-03-23 15:20:32,449 ] 92 src.logger - INFO - New RF F1: 0.5446293494704992
[ 2026-03-23 15:20:32,449 ] 105 src.logger - INFO - Existing RF model is better. Skipping update.
[ 2026-03-23 15:20:32,449 ] 119 src.logger - INFO - Training XGBoost model
[ 2026-03-23 15:20:32,449 ] 49 src.logger - INFO - Building XGBoost pipeline
[ 2026-03-23 15:20:32,449 ] 65 src.logger - INFO - XGBoost pipeline created successfully
[ 2026-03-23 15:20:34,308 ] 139 src.logger - INFO - Saving XGBoost model
[ 2026-03-23 15:20:34,310 ] 155 src.logger - INFO - Existing XGB F1: 0.6200676437429538
[ 2026-03-23 15:20:34,310 ] 156 src.logger - INFO - New XGB F1: 0.6200676437429538
[ 2026-03-23 15:20:34,310 ] 169 src.logger - INFO - Existing XGB model is better. Skipping update.
[ 2026-03-23 15:20:34,310 ] 181 src.logger - INFO - Training pipeline completed successfully
