[ 2026-03-23 15:21:36,706 ] 14 src.logger - INFO - Initializing ChurnPredictor
[ 2026-03-23 15:21:36,712 ] 19 src.logger - INFO - Fetching best model from database
[ 2026-03-23 15:21:36,713 ] 33 src.logger - INFO - Resolved model path: C:\Users\prera\projects\Customer Churn Prediction FastAPI\src\models\xgboost_model.pkl
[ 2026-03-23 15:21:39,041 ] 38 src.logger - INFO - Model loaded successfully: XGBoost
[ 2026-03-23 15:21:56,274 ] 46 src.logger - INFO - Received prediction request
[ 2026-03-23 15:21:56,277 ] 53 src.logger - DEBUG - Input DataFrame: {'gender': {0: 'Male'}, 'SeniorCitizen': {0: 0}, 'Partner': {0: 'No'}, 'Dependents': {0: 'No'}, 'tenure': {0: 5}, 'PhoneService': {0: 'No'}, 'MultipleLines': {0: 'No'}, 'InternetService': {0: 'DSL'}, 'OnlineSecurity': {0: 'No'}, 'OnlineBackup': {0: 'No'}, 'DeviceProtection': {0: 'No'}, 'TechSupport': {0: 'No'}, 'StreamingTV': {0: 'No'}, 'StreamingMovies': {0: 'No'}, 'Contract': {0: 'Month-to-month'}, 'PaperlessBilling': {0: 'No'}, 'PaymentMethod': {0: 'Electronic check'}, 'MonthlyCharges': {0: 30.0}, 'TotalCharges': {0: 600.0}}
[ 2026-03-23 15:21:56,294 ] 63 src.logger - INFO - Prediction successful: {'prediction': 1, 'churn_probability': 0.5877748131752014}
[ 2026-03-23 15:22:11,077 ] 46 src.logger - INFO - Received prediction request
[ 2026-03-23 15:22:11,082 ] 53 src.logger - DEBUG - Input DataFrame: {'gender': {0: 'Male'}, 'SeniorCitizen': {0: 0}, 'Partner': {0: 'No'}, 'Dependents': {0: 'No'}, 'tenure': {0: 5}, 'PhoneService': {0: 'No'}, 'MultipleLines': {0: 'No'}, 'InternetService': {0: 'DSL'}, 'OnlineSecurity': {0: 'No'}, 'OnlineBackup': {0: 'No'}, 'DeviceProtection': {0: 'No'}, 'TechSupport': {0: 'No'}, 'StreamingTV': {0: 'No'}, 'StreamingMovies': {0: 'No'}, 'Contract': {0: 'Month-to-month'}, 'PaperlessBilling': {0: 'No'}, 'PaymentMethod': {0: 'Electronic check'}, 'MonthlyCharges': {0: 30.0}, 'TotalCharges': {0: 150.0}}
[ 2026-03-23 15:22:11,099 ] 63 src.logger - INFO - Prediction successful: {'prediction': 1, 'churn_probability': 0.6113304495811462}
[ 2026-03-23 15:22:32,736 ] 46 src.logger - INFO - Received prediction request
[ 2026-03-23 15:22:32,740 ] 53 src.logger - DEBUG - Input DataFrame: {'gender': {0: 'Male'}, 'SeniorCitizen': {0: 0}, 'Partner': {0: 'No'}, 'Dependents': {0: 'No'}, 'tenure': {0: 12}, 'PhoneService': {0: 'No'}, 'MultipleLines': {0: 'No'}, 'InternetService': {0: 'DSL'}, 'OnlineSecurity': {0: 'No'}, 'OnlineBackup': {0: 'No'}, 'DeviceProtection': {0: 'No'}, 'TechSupport': {0: 'No'}, 'StreamingTV': {0: 'No'}, 'StreamingMovies': {0: 'No'}, 'Contract': {0: 'Month-to-month'}, 'PaperlessBilling': {0: 'No'}, 'PaymentMethod': {0: 'Electronic check'}, 'MonthlyCharges': {0: 30.0}, 'TotalCharges': {0: 360.0}}
[ 2026-03-23 15:22:32,757 ] 63 src.logger - INFO - Prediction successful: {'prediction': 1, 'churn_probability': 0.5324346423149109}
[ 2026-03-23 15:22:42,437 ] 46 src.logger - INFO - Received prediction request
[ 2026-03-23 15:22:42,440 ] 53 src.logger - DEBUG - Input DataFrame: {'gender': {0: 'Male'}, 'SeniorCitizen': {0: 0}, 'Partner': {0: 'No'}, 'Dependents': {0: 'No'}, 'tenure': {0: 12}, 'PhoneService': {0: 'No'}, 'MultipleLines': {0: 'No'}, 'InternetService': {0: 'DSL'}, 'OnlineSecurity': {0: 'No'}, 'OnlineBackup': {0: 'No'}, 'DeviceProtection': {0: 'No'}, 'TechSupport': {0: 'No'}, 'StreamingTV': {0: 'No'}, 'StreamingMovies': {0: 'No'}, 'Contract': {0: 'Month-to-month'}, 'PaperlessBilling': {0: 'No'}, 'PaymentMethod': {0: 'Bank transfer'}, 'MonthlyCharges': {0: 30.0}, 'TotalCharges': {0: 360.0}}
[ 2026-03-23 15:22:42,463 ] 63 src.logger - INFO - Prediction successful: {'prediction': 0, 'churn_probability': 0.4132450222969055}
[ 2026-03-23 15:22:46,343 ] 46 src.logger - INFO - Received prediction request
[ 2026-03-23 15:22:46,348 ] 53 src.logger - DEBUG - Input DataFrame: {'gender': {0: 'Male'}, 'SeniorCitizen': {0: 0}, 'Partner': {0: 'No'}, 'Dependents': {0: 'No'}, 'tenure': {0: 12}, 'PhoneService': {0: 'No'}, 'MultipleLines': {0: 'No'}, 'InternetService': {0: 'DSL'}, 'OnlineSecurity': {0: 'No'}, 'OnlineBackup': {0: 'No'}, 'DeviceProtection': {0: 'No'}, 'TechSupport': {0: 'No'}, 'StreamingTV': {0: 'No'}, 'StreamingMovies': {0: 'No'}, 'Contract': {0: 'Month-to-month'}, 'PaperlessBilling': {0: 'No'}, 'PaymentMethod': {0: 'Mailed check'}, 'MonthlyCharges': {0: 30.0}, 'TotalCharges': {0: 360.0}}
[ 2026-03-23 15:22:46,364 ] 63 src.logger - INFO - Prediction successful: {'prediction': 0, 'churn_probability': 0.34529808163642883}
[ 2026-03-23 15:22:50,041 ] 46 src.logger - INFO - Received prediction request
[ 2026-03-23 15:22:50,044 ] 53 src.logger - DEBUG - Input DataFrame: {'gender': {0: 'Male'}, 'SeniorCitizen': {0: 0}, 'Partner': {0: 'No'}, 'Dependents': {0: 'No'}, 'tenure': {0: 12}, 'PhoneService': {0: 'No'}, 'MultipleLines': {0: 'No'}, 'InternetService': {0: 'DSL'}, 'OnlineSecurity': {0: 'No'}, 'OnlineBackup': {0: 'No'}, 'DeviceProtection': {0: 'No'}, 'TechSupport': {0: 'No'}, 'StreamingTV': {0: 'No'}, 'StreamingMovies': {0: 'No'}, 'Contract': {0: 'Month-to-month'}, 'PaperlessBilling': {0: 'No'}, 'PaymentMethod': {0: 'Credit card'}, 'MonthlyCharges': {0: 30.0}, 'TotalCharges': {0: 360.0}}
[ 2026-03-23 15:22:50,060 ] 63 src.logger - INFO - Prediction successful: {'prediction': 0, 'churn_probability': 0.4132450222969055}
[ 2026-03-23 15:22:54,006 ] 46 src.logger - INFO - Received prediction request
[ 2026-03-23 15:22:54,008 ] 53 src.logger - DEBUG - Input DataFrame: {'gender': {0: 'Male'}, 'SeniorCitizen': {0: 0}, 'Partner': {0: 'No'}, 'Dependents': {0: 'No'}, 'tenure': {0: 12}, 'PhoneService': {0: 'No'}, 'MultipleLines': {0: 'No'}, 'InternetService': {0: 'DSL'}, 'OnlineSecurity': {0: 'No'}, 'OnlineBackup': {0: 'No'}, 'DeviceProtection': {0: 'No'}, 'TechSupport': {0: 'No'}, 'StreamingTV': {0: 'No'}, 'StreamingMovies': {0: 'No'}, 'Contract': {0: 'Month-to-month'}, 'PaperlessBilling': {0: 'No'}, 'PaymentMethod': {0: 'Electronic check'}, 'MonthlyCharges': {0: 30.0}, 'TotalCharges': {0: 360.0}}
[ 2026-03-23 15:22:54,027 ] 63 src.logger - INFO - Prediction successful: {'prediction': 1, 'churn_probability': 0.5324346423149109}
[ 2026-03-23 15:23:09,931 ] 46 src.logger - INFO - Received prediction request
[ 2026-03-23 15:23:09,934 ] 53 src.logger - DEBUG - Input DataFrame: {'gender': {0: 'Male'}, 'SeniorCitizen': {0: 0}, 'Partner': {0: 'No'}, 'Dependents': {0: 'No'}, 'tenure': {0: 5}, 'PhoneService': {0: 'No'}, 'MultipleLines': {0: 'No'}, 'InternetService': {0: 'DSL'}, 'OnlineSecurity': {0: 'No'}, 'OnlineBackup': {0: 'No'}, 'DeviceProtection': {0: 'No'}, 'TechSupport': {0: 'No'}, 'StreamingTV': {0: 'No'}, 'StreamingMovies': {0: 'No'}, 'Contract': {0: 'Month-to-month'}, 'PaperlessBilling': {0: 'No'}, 'PaymentMethod': {0: 'Bank transfer'}, 'MonthlyCharges': {0: 70.0}, 'TotalCharges': {0: 350.0}}
[ 2026-03-23 15:23:09,955 ] 63 src.logger - INFO - Prediction successful: {'prediction': 1, 'churn_probability': 0.5072448253631592}
[ 2026-03-23 15:23:19,367 ] 46 src.logger - INFO - Received prediction request
[ 2026-03-23 15:23:19,370 ] 53 src.logger - DEBUG - Input DataFrame: {'gender': {0: 'Male'}, 'SeniorCitizen': {0: 0}, 'Partner': {0: 'No'}, 'Dependents': {0: 'No'}, 'tenure': {0: 5}, 'PhoneService': {0: 'No'}, 'MultipleLines': {0: 'No'}, 'InternetService': {0: 'DSL'}, 'OnlineSecurity': {0: 'No'}, 'OnlineBackup': {0: 'No'}, 'DeviceProtection': {0: 'No'}, 'TechSupport': {0: 'No'}, 'StreamingTV': {0: 'No'}, 'StreamingMovies': {0: 'No'}, 'Contract': {0: 'Month-to-month'}, 'PaperlessBilling': {0: 'No'}, 'PaymentMethod': {0: 'Bank transfer'}, 'MonthlyCharges': {0: 30.0}, 'TotalCharges': {0: 150.0}}
[ 2026-03-23 15:23:19,389 ] 63 src.logger - INFO - Prediction successful: {'prediction': 1, 'churn_probability': 0.5346238017082214}
[ 2026-03-23 15:23:38,186 ] 46 src.logger - INFO - Received prediction request
[ 2026-03-23 15:23:38,188 ] 53 src.logger - DEBUG - Input DataFrame: {'gender': {0: 'Male'}, 'SeniorCitizen': {0: 0}, 'Partner': {0: 'No'}, 'Dependents': {0: 'No'}, 'tenure': {0: 5}, 'PhoneService': {0: 'No'}, 'MultipleLines': {0: 'No'}, 'InternetService': {0: 'DSL'}, 'OnlineSecurity': {0: 'No'}, 'OnlineBackup': {0: 'No'}, 'DeviceProtection': {0: 'No'}, 'TechSupport': {0: 'No'}, 'StreamingTV': {0: 'No'}, 'StreamingMovies': {0: 'No'}, 'Contract': {0: 'Month-to-month'}, 'PaperlessBilling': {0: 'No'}, 'PaymentMethod': {0: 'Bank transfer'}, 'MonthlyCharges': {0: 30.0}, 'TotalCharges': {0: 150.0}}
[ 2026-03-23 15:23:38,201 ] 63 src.logger - INFO - Prediction successful: {'prediction': 1, 'churn_probability': 0.5346238017082214}
[ 2026-03-23 15:23:41,449 ] 46 src.logger - INFO - Received prediction request
[ 2026-03-23 15:23:41,453 ] 53 src.logger - DEBUG - Input DataFrame: {'gender': {0: 'Male'}, 'SeniorCitizen': {0: 0}, 'Partner': {0: 'No'}, 'Dependents': {0: 'No'}, 'tenure': {0: 5}, 'PhoneService': {0: 'No'}, 'MultipleLines': {0: 'No'}, 'InternetService': {0: 'DSL'}, 'OnlineSecurity': {0: 'No'}, 'OnlineBackup': {0: 'No'}, 'DeviceProtection': {0: 'No'}, 'TechSupport': {0: 'No'}, 'StreamingTV': {0: 'No'}, 'StreamingMovies': {0: 'No'}, 'Contract': {0: 'One year'}, 'PaperlessBilling': {0: 'No'}, 'PaymentMethod': {0: 'Bank transfer'}, 'MonthlyCharges': {0: 30.0}, 'TotalCharges': {0: 150.0}}
[ 2026-03-23 15:23:41,470 ] 63 src.logger - INFO - Prediction successful: {'prediction': 0, 'churn_probability': 0.21960337460041046}
[ 2026-03-23 15:23:45,954 ] 46 src.logger - INFO - Received prediction request
[ 2026-03-23 15:23:45,956 ] 53 src.logger - DEBUG - Input DataFrame: {'gender': {0: 'Male'}, 'SeniorCitizen': {0: 0}, 'Partner': {0: 'No'}, 'Dependents': {0: 'No'}, 'tenure': {0: 5}, 'PhoneService': {0: 'No'}, 'MultipleLines': {0: 'No'}, 'InternetService': {0: 'DSL'}, 'OnlineSecurity': {0: 'No'}, 'OnlineBackup': {0: 'No'}, 'DeviceProtection': {0: 'No'}, 'TechSupport': {0: 'No'}, 'StreamingTV': {0: 'No'}, 'StreamingMovies': {0: 'No'}, 'Contract': {0: 'Month-to-month'}, 'PaperlessBilling': {0: 'No'}, 'PaymentMethod': {0: 'Bank transfer'}, 'MonthlyCharges': {0: 30.0}, 'TotalCharges': {0: 150.0}}
[ 2026-03-23 15:23:45,974 ] 63 src.logger - INFO - Prediction successful: {'prediction': 1, 'churn_probability': 0.5346238017082214}
[ 2026-03-23 15:23:52,746 ] 46 src.logger - INFO - Received prediction request
[ 2026-03-23 15:23:52,751 ] 53 src.logger - DEBUG - Input DataFrame: {'gender': {0: 'Male'}, 'SeniorCitizen': {0: 0}, 'Partner': {0: 'No'}, 'Dependents': {0: 'No'}, 'tenure': {0: 5}, 'PhoneService': {0: 'No'}, 'MultipleLines': {0: 'No'}, 'InternetService': {0: 'Fiber optic'}, 'OnlineSecurity': {0: 'No'}, 'OnlineBackup': {0: 'No'}, 'DeviceProtection': {0: 'No'}, 'TechSupport': {0: 'No'}, 'StreamingTV': {0: 'No'}, 'StreamingMovies': {0: 'No'}, 'Contract': {0: 'Month-to-month'}, 'PaperlessBilling': {0: 'No'}, 'PaymentMethod': {0: 'Bank transfer'}, 'MonthlyCharges': {0: 30.0}, 'TotalCharges': {0: 150.0}}
[ 2026-03-23 15:23:52,758 ] 63 src.logger - INFO - Prediction successful: {'prediction': 1, 'churn_probability': 0.6140246391296387}
[ 2026-03-23 15:23:56,194 ] 46 src.logger - INFO - Received prediction request
[ 2026-03-23 15:23:56,196 ] 53 src.logger - DEBUG - Input DataFrame: {'gender': {0: 'Female'}, 'SeniorCitizen': {0: 0}, 'Partner': {0: 'No'}, 'Dependents': {0: 'No'}, 'tenure': {0: 5}, 'PhoneService': {0: 'No'}, 'MultipleLines': {0: 'No'}, 'InternetService': {0: 'Fiber optic'}, 'OnlineSecurity': {0: 'No'}, 'OnlineBackup': {0: 'No'}, 'DeviceProtection': {0: 'No'}, 'TechSupport': {0: 'No'}, 'StreamingTV': {0: 'No'}, 'StreamingMovies': {0: 'No'}, 'Contract': {0: 'Month-to-month'}, 'PaperlessBilling': {0: 'No'}, 'PaymentMethod': {0: 'Bank transfer'}, 'MonthlyCharges': {0: 30.0}, 'TotalCharges': {0: 150.0}}
[ 2026-03-23 15:23:56,219 ] 63 src.logger - INFO - Prediction successful: {'prediction': 1, 'churn_probability': 0.6310266256332397}
[ 2026-03-23 15:24:00,817 ] 46 src.logger - INFO - Received prediction request
[ 2026-03-23 15:24:00,824 ] 53 src.logger - DEBUG - Input DataFrame: {'gender': {0: 'Male'}, 'SeniorCitizen': {0: 0}, 'Partner': {0: 'No'}, 'Dependents': {0: 'No'}, 'tenure': {0: 5}, 'PhoneService': {0: 'No'}, 'MultipleLines': {0: 'No'}, 'InternetService': {0: 'Fiber optic'}, 'OnlineSecurity': {0: 'No'}, 'OnlineBackup': {0: 'No'}, 'DeviceProtection': {0: 'No'}, 'TechSupport': {0: 'No'}, 'StreamingTV': {0: 'No'}, 'StreamingMovies': {0: 'No'}, 'Contract': {0: 'Month-to-month'}, 'PaperlessBilling': {0: 'No'}, 'PaymentMethod': {0: 'Bank transfer'}, 'MonthlyCharges': {0: 30.0}, 'TotalCharges': {0: 150.0}}
[ 2026-03-23 15:24:00,838 ] 63 src.logger - INFO - Prediction successful: {'prediction': 1, 'churn_probability': 0.6140246391296387}
[ 2026-03-23 15:24:17,878 ] 46 src.logger - INFO - Received prediction request
[ 2026-03-23 15:24:17,881 ] 53 src.logger - DEBUG - Input DataFrame: {'gender': {0: 'Male'}, 'SeniorCitizen': {0: 0}, 'Partner': {0: 'No'}, 'Dependents': {0: 'No'}, 'tenure': {0: 5}, 'PhoneService': {0: 'No'}, 'MultipleLines': {0: 'No'}, 'InternetService': {0: 'Fiber optic'}, 'OnlineSecurity': {0: 'No'}, 'OnlineBackup': {0: 'No'}, 'DeviceProtection': {0: 'No'}, 'TechSupport': {0: 'No'}, 'StreamingTV': {0: 'No'}, 'StreamingMovies': {0: 'No'}, 'Contract': {0: 'Month-to-month'}, 'PaperlessBilling': {0: 'No'}, 'PaymentMethod': {0: 'Bank transfer'}, 'MonthlyCharges': {0: 10.0}, 'TotalCharges': {0: 50.0}}
[ 2026-03-23 15:24:17,899 ] 63 src.logger - INFO - Prediction successful: {'prediction': 0, 'churn_probability': 0.34670835733413696}
[ 2026-03-23 15:24:28,904 ] 46 src.logger - INFO - Received prediction request
[ 2026-03-23 15:24:28,909 ] 53 src.logger - DEBUG - Input DataFrame: {'gender': {0: 'Male'}, 'SeniorCitizen': {0: 0}, 'Partner': {0: 'No'}, 'Dependents': {0: 'No'}, 'tenure': {0: 5}, 'PhoneService': {0: 'No'}, 'MultipleLines': {0: 'No'}, 'InternetService': {0: 'Fiber optic'}, 'OnlineSecurity': {0: 'No'}, 'OnlineBackup': {0: 'No'}, 'DeviceProtection': {0: 'No'}, 'TechSupport': {0: 'No'}, 'StreamingTV': {0: 'No'}, 'StreamingMovies': {0: 'No'}, 'Contract': {0: 'Month-to-month'}, 'PaperlessBilling': {0: 'No'}, 'PaymentMethod': {0: 'Bank transfer'}, 'MonthlyCharges': {0: 20.0}, 'TotalCharges': {0: 100.0}}
[ 2026-03-23 15:24:28,928 ] 63 src.logger - INFO - Prediction successful: {'prediction': 1, 'churn_probability': 0.7507214546203613}
[ 2026-03-23 15:24:44,169 ] 46 src.logger - INFO - Received prediction request
[ 2026-03-23 15:24:44,174 ] 53 src.logger - DEBUG - Input DataFrame: {'gender': {0: 'Male'}, 'SeniorCitizen': {0: 0}, 'Partner': {0: 'No'}, 'Dependents': {0: 'No'}, 'tenure': {0: 5}, 'PhoneService': {0: 'No'}, 'MultipleLines': {0: 'No'}, 'InternetService': {0: 'Fiber optic'}, 'OnlineSecurity': {0: 'No'}, 'OnlineBackup': {0: 'No'}, 'DeviceProtection': {0: 'No'}, 'TechSupport': {0: 'No'}, 'StreamingTV': {0: 'No'}, 'StreamingMovies': {0: 'No'}, 'Contract': {0: 'Month-to-month'}, 'PaperlessBilling': {0: 'No'}, 'PaymentMethod': {0: 'Bank transfer'}, 'MonthlyCharges': {0: 20.0}, 'TotalCharges': {0: 0.0}}
[ 2026-03-23 15:24:44,191 ] 63 src.logger - INFO - Prediction successful: {'prediction': 1, 'churn_probability': 0.8240545988082886}
[ 2026-03-23 15:24:45,639 ] 46 src.logger - INFO - Received prediction request
[ 2026-03-23 15:24:45,641 ] 53 src.logger - DEBUG - Input DataFrame: {'gender': {0: 'Male'}, 'SeniorCitizen': {0: 0}, 'Partner': {0: 'No'}, 'Dependents': {0: 'No'}, 'tenure': {0: 5}, 'PhoneService': {0: 'No'}, 'MultipleLines': {0: 'No'}, 'InternetService': {0: 'Fiber optic'}, 'OnlineSecurity': {0: 'No'}, 'OnlineBackup': {0: 'No'}, 'DeviceProtection': {0: 'No'}, 'TechSupport': {0: 'No'}, 'StreamingTV': {0: 'No'}, 'StreamingMovies': {0: 'No'}, 'Contract': {0: 'Month-to-month'}, 'PaperlessBilling': {0: 'No'}, 'PaymentMethod': {0: 'Bank transfer'}, 'MonthlyCharges': {0: 20.0}, 'TotalCharges': {0: 0.0}}
[ 2026-03-23 15:24:45,646 ] 63 src.logger - INFO - Prediction successful: {'prediction': 1, 'churn_probability': 0.8240545988082886}
